[
 {
  "Error": {
   "Message": "ERRORED! Got Exception (if any): ERROR: Bot #0: Timeout reading commands for bot; select() result: 0 (max time: 2000 milliseconds).\nNo input received from bot.; Response received (if any): ",
   "Turn": 1
  },
  "Frames": [
   {
    "Time": 16,
    "Turn": 0
   },
   null
  ],
  "PlayerID": 0,
  "PlayerName": "python3: can't open file 'lpc."
 },
 {
  "Error": {},
  "Frames": [
   {
    "Time": 24,
    "Turn": 0
   },
   {
    "Commands": [
     {
      "angle": 288,
      "magnitude": 3,
      "owner": 1,
      "queue_number": 0,
      "shipId": 5,
      "type": "thrust"
     },
     {
      "angle": 292,
      "magnitude": 3,
      "owner": 1,
      "queue_number": 0,
      "shipId": 4,
      "type": "thrust"
     },
     {
      "angle": 290,
      "magnitude": 3,
      "owner": 1,
      "queue_number": 0,
      "shipId": 3,
      "type": "thrust"
     }
    ],
    "Planets": null,
    "Ships": [
     {
      "cooldown": 0,
      "docking": {
       "status": "undocked"
      },
      "health": 255,
      "id": 5,
      "owner": 1,
      "vel_x": 0.0,
      "vel_y": 0.0,
      "x": 120.927050983125,
      "y": 120.146830451115
     },
     {
      "cooldown": 0,
      "docking": {
       "status": "undocked"
      },
      "health": 255,
      "id": 4,
      "owner": 1,
      "vel_x": 0.0,
      "vel_y": 0.0,
      "x": 121.123819780248,
      "y": 114.2184484363
     },
     {
      "cooldown": 0,
      "docking": {
       "status": "undocked"
      },
      "health": 255,
      "id": 3,
      "owner": 1,
      "vel_x": 0.0,
      "vel_y": 0.0,
      "x": 121.026060429977,
      "y": 117.180922137642
     }
    ],
    "Time": 0,
    "Turn": 1
   }
  ],
  "PlayerID": 1,
  "PlayerName": "Settler"
 }
]
